app/build/outputs/logs/manifest-merger-debug-report.txt
-- Merging decision tree log ---
manifest
ADDED from src\main\AndroidManifest.xml:2:1-77:12
	package
		ADDED from src\main\AndroidManifest.xml:3:5-37
		INJECTED from src\main\AndroidManifest.xml
		INJECTED from src\main\AndroidManifest.xml
	android:versionName
		ADDED from src\main\AndroidManifest.xml:5:5-30
		INJECTED from src\main\AndroidManifest.xml
		INJECTED from src\main\AndroidManifest.xml
	android:versionCode
		ADDED from src\main\AndroidManifest.xml:4:5-28
		INJECTED from src\main\AndroidManifest.xml
		INJECTED from src\main\AndroidManifest.xml
	xmlns:android
		ADDED from src\main\AndroidManifest.xml:2:11-69
uses-sdk
ADDED from src\main\AndroidManifest.xml:7:5-9:41
MERGED from [com.android.support:support-v4:22.1.1] AndroidManifest.xml:20:5-43
	android:targetSdkVersion
		ADDED from src\main\AndroidManifest.xml:9:9-38
		INJECTED from src\main\AndroidManifest.xml
		INJECTED from src\main\AndroidManifest.xml
	android:minSdkVersion
		ADDED from src\main\AndroidManifest.xml:8:9-35
		INJECTED from src\main\AndroidManifest.xml
		INJECTED from src\main\AndroidManifest.xml
uses-permission#android.permission.INTERNET
ADDED from src\main\AndroidManifest.xml:11:5-67
	android:name
		ADDED from src\main\AndroidManifest.xml:11:22-64
uses-permission#android.permission.WRITE_EXTERNAL_STORAGE
ADDED from src\main\AndroidManifest.xml:12:5-81
	android:name
		ADDED from src\main\AndroidManifest.xml:12:22-78
uses-permission#android.permission.READ_PHONE_STATE
ADDED from src\main\AndroidManifest.xml:13:5-75
	android:name
		ADDED from src\main\AndroidManifest.xml:13:22-72
uses-permission#android.permission.READ_EXTERNAL_STORAGE
ADDED from src\main\AndroidManifest.xml:14:5-80
	android:name
		ADDED from src\main\AndroidManifest.xml:14:22-77
application
ADDED from src\main\AndroidManifest.xml:16:5-75:19
MERGED from [com.android.support:support-v4:22.1.1] AndroidManifest.xml:22:5-20
	android:label
		ADDED from src\main\AndroidManifest.xml:19:9-41
	android:allowBackup
		ADDED from src\main\AndroidManifest.xml:17:9-35
	android:icon
		ADDED from src\main\AndroidManifest.xml:18:9-45
	android:theme
		ADDED from src\main\AndroidManifest.xml:21:9-40
	android:logo
		ADDED from src\main\AndroidManifest.xml:20:9-38
activity#com.example.lifecircle.UI.MainActivity
ADDED from src\main\AndroidManifest.xml:22:9-27:20
	android:label
		ADDED from src\main\AndroidManifest.xml:25:13-45
	android:windowSoftInputMode
		ADDED from src\main\AndroidManifest.xml:26:13-60
	android:icon
		ADDED from src\main\AndroidManifest.xml:24:13-42
	android:name
		ADDED from src\main\AndroidManifest.xml:23:13-44
activity#com.example.lifecircle.UI.PersonInfoActivity
ADDED from src\main\AndroidManifest.xml:28:9-31:20
	android:label
		ADDED from src\main\AndroidManifest.xml:30:13-33
	android:name
		ADDED from src\main\AndroidManifest.xml:29:13-50
activity#com.example.lifecircle.UI.LoginActivity
ADDED from src\main\AndroidManifest.xml:32:9-42:20
	android:label
		ADDED from src\main\AndroidManifest.xml:35:13-45
	android:windowSoftInputMode
		ADDED from src\main\AndroidManifest.xml:36:13-60
	android:icon
		ADDED from src\main\AndroidManifest.xml:34:13-42
	android:name
		ADDED from src\main\AndroidManifest.xml:33:13-45
intent-filter#android.intent.action.MAIN+android.intent.category.LAUNCHER
ADDED from src\main\AndroidManifest.xml:37:13-41:29
action#android.intent.action.MAIN
ADDED from src\main\AndroidManifest.xml:38:17-69
	android:name
		ADDED from src\main\AndroidManifest.xml:38:25-66
category#android.intent.category.LAUNCHER
ADDED from src\main\AndroidManifest.xml:40:17-77
	android:name
		ADDED from src\main\AndroidManifest.xml:40:27-74
activity#com.example.lifecircle.UI.InLifecircleActivity
ADDED from src\main\AndroidManifest.xml:43:9-47:20
	android:label
		ADDED from src\main\AndroidManifest.xml:45:13-45
	android:windowSoftInputMode
		ADDED from src\main\AndroidManifest.xml:46:13-60
	android:name
		ADDED from src\main\AndroidManifest.xml:44:13-52
activity#com.example.lifecircle.UI.AddFriendActivity
ADDED from src\main\AndroidManifest.xml:48:9-52:20
	android:label
		ADDED from src\main\AndroidManifest.xml:50:13-33
	android:windowSoftInputMode
		ADDED from src\main\AndroidManifest.xml:51:13-60
	android:name
		ADDED from src\main\AndroidManifest.xml:49:13-49
activity#com.example.lifecircle.UI.AddLifecircleActivity
ADDED from src\main\AndroidManifest.xml:53:9-57:20
	android:label
		ADDED from src\main\AndroidManifest.xml:55:13-34
	android:windowSoftInputMode
		ADDED from src\main\AndroidManifest.xml:56:13-60
	android:name
		ADDED from src\main\AndroidManifest.xml:54:13-53
activity#com.example.lifecircle.UI.NewFriendActivity
ADDED from src\main\AndroidManifest.xml:58:9-61:20
	android:label
		ADDED from src\main\AndroidManifest.xml:60:13-33
	android:name
		ADDED from src\main\AndroidManifest.xml:59:13-49
activity#com.example.lifecircle.UI.CreateLifecircleActivity
ADDED from src\main\AndroidManifest.xml:62:9-66:20
	android:label
		ADDED from src\main\AndroidManifest.xml:64:13-69
	android:windowSoftInputMode
		ADDED from src\main\AndroidManifest.xml:65:13-60
	android:name
		ADDED from src\main\AndroidManifest.xml:63:13-56
activity#com.example.lifecircle.UI.RegisterActivity
ADDED from src\main\AndroidManifest.xml:67:9-70:20
	android:label
		ADDED from src\main\AndroidManifest.xml:69:13-60
	android:name
		ADDED from src\main\AndroidManifest.xml:68:13-48
activity#com.example.lifecircle.UI.LifecircleInfoActivity
ADDED from src\main\AndroidManifest.xml:71:9-74:20
	android:label
		ADDED from src\main\AndroidManifest.xml:73:13-67
	android:name
		ADDED from src\main\AndroidManifest.xml:72:13-54